[24-Jul-2016 12:15:40 UTC] PHP Fatal error:  Cannot access empty property in /home/ubuntu/workspace/EasyMVC/models/database.php on line 46
[24-Jul-2016 12:15:40 UTC] PHP Stack trace:
[24-Jul-2016 12:15:40 UTC] PHP   1. {main}() /home/ubuntu/workspace/EasyMVC/models/database.php:0
[24-Jul-2016 12:15:40 UTC] PHP   2. database->__construct() /home/ubuntu/workspace/EasyMVC/models/database.php:157
[24-Jul-2016 12:26:12 UTC] PHP Fatal error:  Cannot access empty property in /home/ubuntu/workspace/EasyMVC/models/database.php on line 46
[24-Jul-2016 12:26:12 UTC] PHP Stack trace:
[24-Jul-2016 12:26:12 UTC] PHP   1. {main}() /home/ubuntu/workspace/EasyMVC/models/database.php:0
[24-Jul-2016 12:26:12 UTC] PHP   2. database->__construct() /home/ubuntu/workspace/EasyMVC/models/database.php:157
[24-Jul-2016 12:26:17 UTC] PHP Fatal error:  Cannot access empty property in /home/ubuntu/workspace/EasyMVC/models/database.php on line 46
[24-Jul-2016 12:26:17 UTC] PHP Stack trace:
[24-Jul-2016 12:26:17 UTC] PHP   1. {main}() /home/ubuntu/workspace/EasyMVC/models/database.php:0
[24-Jul-2016 12:26:17 UTC] PHP   2. database->__construct() /home/ubuntu/workspace/EasyMVC/models/database.php:157
[24-Jul-2016 12:27:05 UTC] PHP Fatal error:  Cannot access empty property in /home/ubuntu/workspace/EasyMVC/models/database.php on line 46
[24-Jul-2016 12:27:05 UTC] PHP Stack trace:
[24-Jul-2016 12:27:05 UTC] PHP   1. {main}() /home/ubuntu/workspace/EasyMVC/models/database.php:0
[24-Jul-2016 12:27:05 UTC] PHP   2. database->__construct() /home/ubuntu/workspace/EasyMVC/models/database.php:157
[24-Jul-2016 12:27:06 UTC] PHP Fatal error:  Cannot access empty property in /home/ubuntu/workspace/EasyMVC/models/database.php on line 46
[24-Jul-2016 12:27:06 UTC] PHP Stack trace:
[24-Jul-2016 12:27:06 UTC] PHP   1. {main}() /home/ubuntu/workspace/EasyMVC/models/database.php:0
[24-Jul-2016 12:27:06 UTC] PHP   2. database->__construct() /home/ubuntu/workspace/EasyMVC/models/database.php:157
[24-Jul-2016 12:27:56 UTC] PHP Fatal error:  Cannot access empty property in /home/ubuntu/workspace/EasyMVC/models/database.php on line 46
[24-Jul-2016 12:27:56 UTC] PHP Stack trace:
[24-Jul-2016 12:27:56 UTC] PHP   1. {main}() /home/ubuntu/workspace/EasyMVC/models/database.php:0
[24-Jul-2016 12:27:56 UTC] PHP   2. database->__construct() /home/ubuntu/workspace/EasyMVC/models/database.php:157
[24-Jul-2016 12:28:09 UTC] PHP Fatal error:  Cannot access empty property in /home/ubuntu/workspace/EasyMVC/models/database.php on line 51
[24-Jul-2016 12:28:09 UTC] PHP Stack trace:
[24-Jul-2016 12:28:09 UTC] PHP   1. {main}() /home/ubuntu/workspace/EasyMVC/models/database.php:0
[24-Jul-2016 12:28:09 UTC] PHP   2. database->__construct() /home/ubuntu/workspace/EasyMVC/models/database.php:157
[24-Jul-2016 14:50:51 UTC] PHP Fatal error:  Call to undefined method PDOStatement::prepare() in /home/ubuntu/workspace/EasyMVC/models/database.php on line 163
[24-Jul-2016 14:50:51 UTC] PHP Stack trace:
[24-Jul-2016 14:50:51 UTC] PHP   1. {main}() /home/ubuntu/workspace/EasyMVC/models/database.php:0
[24-Jul-2016 14:50:51 UTC] PHP   2. database->login_check() /home/ubuntu/workspace/EasyMVC/models/database.php:261
[24-Jul-2016 14:52:45 UTC] PHP Fatal error:  Call to undefined method PDOStatement::prepare() in /home/ubuntu/workspace/EasyMVC/models/database.php on line 163
[24-Jul-2016 14:52:45 UTC] PHP Stack trace:
[24-Jul-2016 14:52:45 UTC] PHP   1. {main}() /home/ubuntu/workspace/EasyMVC/models/database.php:0
[24-Jul-2016 14:52:45 UTC] PHP   2. database->login_check() /home/ubuntu/workspace/EasyMVC/models/database.php:261
